2025-04-04 09:15:41.774225 - Received CBT.V508.FILE408.PDS from FILE408.XMI 
2025-04-04 09:15:41.775686 - Found $$$#DATE.txt (text/plain) in CBT.V508.FILE408.PDS, moved to PDS/$$$#DATE
2025-04-04 09:15:41.775842 - Found #ALD.txt (text/plain) in CBT.V508.FILE408.PDS, moved to PDS/#ALD
2025-04-04 09:15:41.775987 - Found #ALDR.txt (text/plain) in CBT.V508.FILE408.PDS, moved to PDS/#ALDR
2025-04-04 09:15:41.776166 - Found #DCBD.bin (application/octet-stream) in CBT.V508.FILE408.PDS, moved to PDS/#DCBD
2025-04-04 09:15:41.776295 - Found #DIAG.txt (text/plain) in CBT.V508.FILE408.PDS, moved to PDS/#DIAG
2025-04-04 09:15:41.776446 - Found #DIE.bin (application/octet-stream) in CBT.V508.FILE408.PDS, moved to PDS/#DIE
2025-04-04 09:15:41.776583 - Found #DROP.txt (text/plain) in CBT.V508.FILE408.PDS, moved to PDS/#DROP
2025-04-04 09:15:41.776719 - Found #DSA.txt (text/plain) in CBT.V508.FILE408.PDS, moved to PDS/#DSA
2025-04-04 09:15:41.776863 - Found #DSORG.txt (text/plain) in CBT.V508.FILE408.PDS, moved to PDS/#DSORG
2025-04-04 09:15:41.776991 - Found #ENTER.txt (text/plain) in CBT.V508.FILE408.PDS, moved to PDS/#ENTER
2025-04-04 09:15:41.777115 - Found #EXIT.txt (text/plain) in CBT.V508.FILE408.PDS, moved to PDS/#EXIT
2025-04-04 09:15:41.777245 - Found #PARMS.txt (text/plain) in CBT.V508.FILE408.PDS, moved to PDS/#PARMS
2025-04-04 09:15:41.777382 - Found #PLIENV.txt (text/plain) in CBT.V508.FILE408.PDS, moved to PDS/#PLIENV
2025-04-04 09:15:41.777510 - Found #PUT.txt (text/plain) in CBT.V508.FILE408.PDS, moved to PDS/#PUT
2025-04-04 09:15:41.777665 - Found #REGS.txt (text/plain) in CBT.V508.FILE408.PDS, moved to PDS/#REGS
2025-04-04 09:15:41.777850 - Found #RELOAD.txt (text/plain) in CBT.V508.FILE408.PDS, moved to PDS/#RELOAD
2025-04-04 09:15:41.778012 - Found #SAL.bin (application/octet-stream) in CBT.V508.FILE408.PDS, moved to PDS/#SAL
2025-04-04 09:15:41.778145 - Found #SEARCH.txt (text/plain) in CBT.V508.FILE408.PDS, moved to PDS/#SEARCH
2025-04-04 09:15:41.778282 - Found #SLD.txt (text/plain) in CBT.V508.FILE408.PDS, moved to PDS/#SLD
2025-04-04 09:15:41.778438 - Found #SLDR.txt (text/plain) in CBT.V508.FILE408.PDS, moved to PDS/#SLDR
2025-04-04 09:15:41.778587 - Found #SORT.txt (text/plain) in CBT.V508.FILE408.PDS, moved to PDS/#SORT
2025-04-04 09:15:41.778756 - Found #TEST.bin (application/octet-stream) in CBT.V508.FILE408.PDS, moved to PDS/#TEST
2025-04-04 09:15:41.778884 - Found #UNALIGN.txt (text/plain) in CBT.V508.FILE408.PDS, moved to PDS/#UNALIGN
2025-04-04 09:15:41.779006 - Found #USING.txt (text/plain) in CBT.V508.FILE408.PDS, moved to PDS/#USING
2025-04-04 09:15:41.779130 - Found #XXC.txt (text/plain) in CBT.V508.FILE408.PDS, moved to PDS/#XXC
2025-04-04 09:15:41.779258 - Found @FILE408.txt (text/plain) in CBT.V508.FILE408.PDS, moved to PDS/@FILE408
2025-04-04 09:15:41.779374 - Found GSAMCALL.txt (text/plain) in CBT.V508.FILE408.PDS, moved to PDS/GSAMCALL
2025-04-04 09:15:41.779510 - Found GSB.txt (text/plain) in CBT.V508.FILE408.PDS, moved to PDS/GSB
2025-04-04 09:15:41.779771 - Found MOREMACS.bin (application/octet-stream) in CBT.V508.FILE408.PDS, moved to PDS/MOREMACS
2025-04-04 09:15:41.780104 - Found NEWMACLB.bin (application/octet-stream) in CBT.V508.FILE408.PDS, moved to PDS/NEWMACLB
2025-04-04 09:15:41.780242 - Found SFR.txt (text/plain) in CBT.V508.FILE408.PDS, moved to PDS/SFR
2025-04-04 09:15:41.780379 - Found SSSHIPE.txt (text/plain) in CBT.V508.FILE408.PDS, moved to PDS/SSSHIPE
2025-04-04 09:15:41.780502 - Found SSSHSPE.txt (text/plain) in CBT.V508.FILE408.PDS, moved to PDS/SSSHSPE
